<?xml version="1.0" encoding="UTF-8"?>
<testsuite xmlns:xsi="http://www.w3.org/2001/XMLSchema-instance" xsi:schemaLocation="https://maven.apache.org/surefire/maven-surefire-plugin/xsd/surefire-test-report.xsd" name="org.example.LinkedListTest" time="0.023" tests="4" errors="0" skipped="0" failures="0">
  <properties>
[...]
</properties>
  <testcase name="testAddNodeToLinkedList" classname="org.example.LinkedListTest" time="0.002"/>
  <testcase name="testFindMiddleNode" classname="org.example.LinkedListTest" time="0"/>
  <testcase name="testNodeCreation" classname="org.example.LinkedListTest" time="0"/>
  <testcase name="testCreateLinkedList" classname="org.example.LinkedListTest" time="0"/>
</testsuite>